<?xml version="1.0" encoding="UTF-8"?>
<testsuite name="TestBinary" tests="7" skipped="0" failures="0" errors="0" timestamp="2025-03-17T12:25:04" hostname="codespaces-db1aa2" time="0.089">
  <properties/>
  <testcase name="testBinarySearch_SingleElementArray_TargetFound()" classname="TestBinary" time="0.04"/>
  <testcase name="testBinarySearch_TargetNotFound()" classname="TestBinary" time="0.004"/>
  <testcase name="testBinarySearch_SingleElementArray_TargetNotFound()" classname="TestBinary" time="0.003"/>
  <testcase name="testBinarySearch_TargetAtEnd()" classname="TestBinary" time="0.001"/>
  <testcase name="testBinarySearch_TargetFound()" classname="TestBinary" time="0.001"/>
  <testcase name="testBinarySearch_EmptyArray()" classname="TestBinary" time="0.006"/>
  <testcase name="testBinarySearch_TargetAtStart()" classname="TestBinary" time="0.011"/>
  <system-out><![CDATA[1 1 2 3 1 1 2 3 1 1 2 3 ]]></system-out>
  <system-err><![CDATA[]]></system-err>
</testsuite>
